{
  "RSpec": {
    "coverage": {
      "/Users/Dmytro_Lukash/projects/lab_epam/ror/car_adverstiments_web/app/controllers/cars_controller.rb": [
        1,
        1,
        5,
        null,
        null,
        1,
        null,
        1,
        5,
        null,
        null
      ],
      "/Users/Dmytro_Lukash/projects/lab_epam/ror/car_adverstiments_web/app/controllers/application_controller.rb": [
        1,
        null
      ],
      "/Users/Dmytro_Lukash/projects/lab_epam/ror/car_adverstiments_web/app/controllers/searches_controller.rb": [
        1,
        1,
        3,
        2,
        null,
        null,
        1,
        0,
        null,
        null,
        1,
        0,
        null,
        0,
        null,
        null,
        1,
        null,
        1,
        0,
        null,
        null
      ],
      "/Users/Dmytro_Lukash/projects/lab_epam/ror/car_adverstiments_web/app/models/car.rb": [
        1,
        1,
        1,
        1,
        1,
        null
      ],
      "/Users/Dmytro_Lukash/projects/lab_epam/ror/car_adverstiments_web/app/models/search.rb": [
        1,
        1,
        null
      ],
      "/Users/Dmytro_Lukash/projects/lab_epam/ror/car_adverstiments_web/app/queries/cars_query.rb": [
        1,
        1,
        5,
        null,
        null,
        1,
        5,
        5,
        5,
        5,
        5,
        5,
        null,
        null,
        1,
        null,
        1,
        5,
        null,
        null,
        1,
        5,
        null,
        null,
        1,
        5,
        5,
        null,
        null,
        1,
        5,
        5,
        null,
        null,
        1,
        5,
        5,
        5,
        null,
        null,
        1,
        5,
        5,
        null,
        null
      ],
      "/Users/Dmytro_Lukash/projects/lab_epam/ror/car_adverstiments_web/app/controllers/turbo_devise_controller.rb": [
        1,
        1,
        1,
        0,
        null,
        0,
        null,
        0,
        0,
        null,
        0,
        null,
        null,
        null,
        null,
        1,
        1,
        null
      ]
    },
    "timestamp": 1644092071
  }
}
