{
  "RSpec": {
    "coverage": {
      "/home/quiethours/projects/ruby_external_program/RoR/car_adverstiments_web/app/controllers/cars_controller.rb": [
        1,
        1,
        6,
        null,
        null,
        1,
        null,
        1,
        6,
        null,
        null
      ],
      "/home/quiethours/projects/ruby_external_program/RoR/car_adverstiments_web/app/controllers/application_controller.rb": [
        1,
        null
      ],
      "/home/quiethours/projects/ruby_external_program/RoR/car_adverstiments_web/app/controllers/searches_controller.rb": [
        1,
        1,
        6,
        4,
        null,
        null,
        1,
        3,
        null,
        null,
        1,
        4,
        null,
        3,
        null,
        null,
        1,
        null,
        1,
        7,
        null,
        null
      ],
      "/home/quiethours/projects/ruby_external_program/RoR/car_adverstiments_web/app/controllers/static_pages_controller.rb": [
        1,
        1,
        null,
        1,
        null
      ],
      "/home/quiethours/projects/ruby_external_program/RoR/car_adverstiments_web/app/models/car.rb": [
        1,
        1,
        1,
        1,
        1,
        null
      ],
      "/home/quiethours/projects/ruby_external_program/RoR/car_adverstiments_web/app/models/search.rb": [
        1,
        1,
        null
      ],
      "/home/quiethours/projects/ruby_external_program/RoR/car_adverstiments_web/app/queries/cars_query.rb": [
        1,
        1,
        9,
        null,
        null,
        1,
        9,
        9,
        9,
        9,
        9,
        9,
        null,
        null,
        1,
        null,
        1,
        9,
        null,
        null,
        1,
        9,
        null,
        null,
        1,
        9,
        9,
        null,
        null,
        1,
        9,
        9,
        null,
        null,
        1,
        9,
        9,
        9,
        null,
        null,
        1,
        9,
        9,
        null,
        null
      ],
      "/home/quiethours/projects/ruby_external_program/RoR/car_adverstiments_web/app/controllers/turbo_devise_controller.rb": [
        1,
        1,
        1,
        0,
        null,
        0,
        null,
        0,
        0,
        null,
        0,
        null,
        null,
        null,
        null,
        1,
        1,
        null
      ]
    },
    "timestamp": 1644443002
  }
}
